
2023-02-19 15:26:04...installerHook: Could not find custom/install/install_hooks.php
2023-02-19 15:26:08...installerHook: Could not find custom/install/install_hooks.php
2023-02-19 15:26:09...installerHook: Could not find custom/install/install_hooks.php
2023-02-19 15:26:11...Begin System Check Process *************
2023-02-19 15:26:11...XML Parsing Support Found
2023-02-19 15:26:11...MBString Support Found
2023-02-19 15:26:11...ZIP Support Found
2023-02-19 15:26:11.../custom directory and subdirectory check passed
2023-02-19 15:26:11...cache directory and subdirectory check passed
2023-02-19 15:26:12.../module  directory and subdirectory check passed
2023-02-19 15:26:12.../upload directory check passed
2023-02-19 15:26:12.../zip check passed
2023-02-19 15:26:12...PCRE version check passed
2023-02-19 15:26:12...installerHook: Could not find custom/install/install_hooks.php
2023-02-19 15:26:12...php.ini location found. C:\xampp\php\php.ini
2023-02-19 15:26:12...Outputting HTML for System check
2023-02-19 15:26:12...No Errors were found *************
2023-02-19 15:26:15...installerHook: Could not find custom/install/install_hooks.php
2023-02-19 15:26:21...installerHook: Could not find custom/install/install_hooks.php
2023-02-19 15:26:32...installerHook: Could not find custom/install/install_hooks.php
2023-02-19 15:26:58...Begin DB Check Process *************
2023-02-19 15:26:58...testing with mysql:mysqli
2023-02-19 15:26:58...Basic form info is valid, continuing Process.
2023-02-19 15:26:58...Testing user account...
2023-02-19 15:26:58...Connection made using  host: localhost, usr: root
2023-02-19 15:26:58...Testing priviliged account...
2023-02-19 15:26:58...Connection made using  host: localhost, usr: root
2023-02-19 15:26:58...DB not selected, will create sugarcrm
2023-02-19 15:26:58...Passed DB install check
2023-02-19 15:26:58...SUCCESS:: no errors detected!
2023-02-19 15:26:58...End DB Check Process *************
2023-02-19 15:26:58...installerHook: Could not find custom/install/install_hooks.php
2023-02-19 15:27:02...installerHook: Could not find custom/install/install_hooks.php
2023-02-19 15:27:04...installerHook: Could not find custom/install/install_hooks.php
2023-02-19 15:27:04...calling handleSugarConfig()
2023-02-19 15:27:04...calling handleLog4Php()
2023-02-19 15:27:04...calling handleHtaccess()
2023-02-19 15:27:04...calling handleDbCreateDatabase()
2023-02-19 15:27:06...looping through all the Beans and create their tables
2023-02-19 15:27:06...processing table acl_actions
2023-02-19 15:27:06...creating table acl_actions
2023-02-19 15:27:06...creating Relationship Meta for ACLAction
2023-02-19 15:27:06...processing table acl_roles
2023-02-19 15:27:06...creating table acl_roles
2023-02-19 15:27:06...creating Relationship Meta for ACLRole
2023-02-19 15:27:06...processing table relationships
2023-02-19 15:27:06...creating table relationships
2023-02-19 15:27:06...creating Relationship Meta for Relationship
2023-02-19 15:27:06...processing table leads
2023-02-19 15:27:06...creating table leads
2023-02-19 15:27:06...creating Relationship Meta for Lead
2023-02-19 15:27:06...processing table cases
2023-02-19 15:27:06...creating table cases
2023-02-19 15:27:06...creating Relationship Meta for Case
2023-02-19 15:27:06...processing table bugs
2023-02-19 15:27:06...creating table bugs
2023-02-19 15:27:06...creating Relationship Meta for Bug
2023-02-19 15:27:06...processing table users
2023-02-19 15:27:06...creating table users
2023-02-19 15:27:06...creating Relationship Meta for User
2023-02-19 15:27:06...processing table campaign_log
2023-02-19 15:27:06...creating table campaign_log
2023-02-19 15:27:06...creating Relationship Meta for CampaignLog
2023-02-19 15:27:06...processing table project
2023-02-19 15:27:06...creating table project
2023-02-19 15:27:06...creating Relationship Meta for Project
2023-02-19 15:27:07...processing table project_task
2023-02-19 15:27:07...creating table project_task
2023-02-19 15:27:07...creating Relationship Meta for ProjectTask
2023-02-19 15:27:07...processing table campaigns
2023-02-19 15:27:07...creating table campaigns
2023-02-19 15:27:07...creating Relationship Meta for Campaign
2023-02-19 15:27:07...processing table prospect_lists
2023-02-19 15:27:07...creating table prospect_lists
2023-02-19 15:27:07...creating Relationship Meta for ProspectList
2023-02-19 15:27:07...processing table prospects
2023-02-19 15:27:07...creating table prospects
2023-02-19 15:27:07...creating Relationship Meta for Prospect
2023-02-19 15:27:07...processing table email_marketing
2023-02-19 15:27:07...creating table email_marketing
2023-02-19 15:27:07...creating Relationship Meta for EmailMarketing
2023-02-19 15:27:07...processing table campaign_trkrs
2023-02-19 15:27:07...creating table campaign_trkrs
2023-02-19 15:27:07...creating Relationship Meta for CampaignTracker
2023-02-19 15:27:07...processing table releases
2023-02-19 15:27:07...creating table releases
2023-02-19 15:27:07...creating Relationship Meta for Release
2023-02-19 15:27:07...processing table emailman
2023-02-19 15:27:07...creating table emailman
2023-02-19 15:27:07...creating Relationship Meta for EmailMan
2023-02-19 15:27:07...processing table schedulers
2023-02-19 15:27:07...creating table schedulers
2023-02-19 15:27:07...creating Relationship Meta for Scheduler
2023-02-19 15:27:07...processing table job_queue
2023-02-19 15:27:07...creating table job_queue
2023-02-19 15:27:07...creating Relationship Meta for SchedulersJob
2023-02-19 15:27:07...processing table contacts
2023-02-19 15:27:07...creating table contacts
2023-02-19 15:27:07...creating Relationship Meta for Contact
2023-02-19 15:27:07...processing table accounts
2023-02-19 15:27:07...creating table accounts
2023-02-19 15:27:07...creating Relationship Meta for Account
2023-02-19 15:27:07...processing table opportunities
2023-02-19 15:27:07...creating table opportunities
2023-02-19 15:27:07...creating Relationship Meta for Opportunity
2023-02-19 15:27:07...processing table email_templates
2023-02-19 15:27:08...creating table email_templates
2023-02-19 15:27:08...creating Relationship Meta for EmailTemplate
2023-02-19 15:27:08...processing table notes
2023-02-19 15:27:08...creating table notes
2023-02-19 15:27:08...creating Relationship Meta for Note
2023-02-19 15:27:08...processing table calls
2023-02-19 15:27:08...creating table calls
2023-02-19 15:27:08...creating Relationship Meta for Call
2023-02-19 15:27:08...processing table emails
2023-02-19 15:27:08...creating table emails
2023-02-19 15:27:08...creating Relationship Meta for Email
2023-02-19 15:27:08...processing table meetings
2023-02-19 15:27:08...creating table meetings
2023-02-19 15:27:08...creating Relationship Meta for Meeting
2023-02-19 15:27:08...processing table tasks
2023-02-19 15:27:08...creating table tasks
2023-02-19 15:27:08...creating Relationship Meta for Task
2023-02-19 15:27:08...processing table users
2023-02-19 15:27:08...processing table users
2023-02-19 15:27:08...processing table currencies
2023-02-19 15:27:08...creating table currencies
2023-02-19 15:27:08...creating Relationship Meta for Currency
2023-02-19 15:27:08...processing table tracker
2023-02-19 15:27:08...creating table tracker
2023-02-19 15:27:08...creating Relationship Meta for Tracker
2023-02-19 15:27:08...processing table import_maps
2023-02-19 15:27:08...creating table import_maps
2023-02-19 15:27:08...creating Relationship Meta for ImportMap
2023-02-19 15:27:08...processing table users_last_import
2023-02-19 15:27:08...creating table users_last_import
2023-02-19 15:27:08...creating Relationship Meta for UsersLastImport
2023-02-19 15:27:08...processing table config
2023-02-19 15:27:08...creating table config
2023-02-19 15:27:08...creating Relationship Meta for Administration
2023-02-19 15:27:08...processing table upgrade_history
2023-02-19 15:27:08...creating table upgrade_history
2023-02-19 15:27:08...creating Relationship Meta for UpgradeHistory
2023-02-19 15:27:08...processing table vcals
2023-02-19 15:27:08...creating table vcals
2023-02-19 15:27:08...creating Relationship Meta for vCal
2023-02-19 15:27:08...processing table versions
2023-02-19 15:27:08...creating table versions
2023-02-19 15:27:08...creating Relationship Meta for Version
2023-02-19 15:27:08...processing table roles
2023-02-19 15:27:08...creating table roles
2023-02-19 15:27:08...creating Relationship Meta for Role
2023-02-19 15:27:08...processing table documents
2023-02-19 15:27:08...creating table documents
2023-02-19 15:27:08...creating Relationship Meta for Document
2023-02-19 15:27:08...processing table document_revisions
2023-02-19 15:27:08...creating table document_revisions
2023-02-19 15:27:08...creating Relationship Meta for DocumentRevision
2023-02-19 15:27:08...processing table fields_meta_data
2023-02-19 15:27:09...creating table fields_meta_data
2023-02-19 15:27:09...creating Relationship Meta for FieldsMetaData
2023-02-19 15:27:09...processing table inbound_email
2023-02-19 15:27:09...creating table inbound_email
2023-02-19 15:27:09...creating Relationship Meta for InboundEmail
2023-02-19 15:27:09...processing table saved_search
2023-02-19 15:27:09...creating table saved_search
2023-02-19 15:27:09...creating Relationship Meta for SavedSearch
2023-02-19 15:27:09...processing table user_preferences
2023-02-19 15:27:09...creating table user_preferences
2023-02-19 15:27:09...creating Relationship Meta for UserPreference
2023-02-19 15:27:09...processing table 
2023-02-19 15:27:09...processing table email_addresses
2023-02-19 15:27:09...creating table email_addresses
2023-02-19 15:27:09...creating Relationship Meta for EmailAddress
2023-02-19 15:27:09...processing table emails_text
2023-02-19 15:27:09...creating table emails_text
2023-02-19 15:27:09...creating Relationship Meta for EmailText
2023-02-19 15:27:09...processing table sugarfeed
2023-02-19 15:27:09...creating table sugarfeed
2023-02-19 15:27:09...creating Relationship Meta for SugarFeed
2023-02-19 15:27:09...processing table eapm
2023-02-19 15:27:09...creating table eapm
2023-02-19 15:27:09...creating Relationship Meta for EAPM
2023-02-19 15:27:09...processing table oauth_consumer
2023-02-19 15:27:09...creating table oauth_consumer
2023-02-19 15:27:09...creating Relationship Meta for OAuthKey
2023-02-19 15:27:09...processing table oauth_tokens
2023-02-19 15:27:09...creating table oauth_tokens
2023-02-19 15:27:09...creating Relationship Meta for OAuthToken
2023-02-19 15:27:10...Begin creating Defaults
2023-02-19 15:27:10...insert defaults into config table
2023-02-19 15:27:10...Creating default users
2023-02-19 15:27:10...Creating default scheduler jobs
2023-02-19 15:27:10...Enable SugarFeeds
2023-02-19 15:27:10...Enable InsideView Connector
2023-02-19 15:27:10...Creating FTS logic hook
2023-02-19 15:27:10...populating the db with seed data
2023-02-19 15:27:20...Installation has completed *********
2023-02-19 15:27:26...installerHook: Could not find custom/install/install_hooks.php